#
# There is insufficient memory for the Java Runtime Environment to continue.
# Native memory allocation (mmap) failed to map 264241152 bytes. Error detail: G1 virtual space
# Possible reasons:
#   The system is out of physical RAM or swap space
#   This process is running with CompressedOops enabled, and the Java Heap may be blocking the growth of the native heap
# Possible solutions:
#   Reduce memory load on the system
#   Increase physical memory or swap space
#   Check if swap backing store is full
#   Decrease Java heap size (-Xmx/-Xms)
#   Decrease number of Java threads
#   Decrease Java thread stack sizes (-Xss)
#   Set larger code cache with -XX:ReservedCodeCacheSize=
#   JVM is running with Zero Based Compressed Oops mode in which the Java heap is
#     placed in the first 32GB address space. The Java Heap base address is the
#     maximum limit for the native heap growth. Please use -XX:HeapBaseMinAddress
#     to set the Java Heap base and to place the Java Heap above 32GB virtual address.
# This output file may be truncated or incomplete.
#
#  Out of Memory Error (os_windows.cpp:3925), pid=17300, tid=26028
#
# JRE version:  (21.0.8) (build )
# Java VM: OpenJDK 64-Bit Server VM (21.0.8+-14018985-b1038.68, mixed mode, sharing, tiered, compressed oops, compressed class ptrs, g1 gc, windows-amd64)
# No core dump will be written. Minidumps are not enabled by default on client versions of Windows
#

---------------  S U M M A R Y ------------

Command Line: org.jetbrains.kotlin.cli.jvm.K2JVMCompiler @D:\Mobile-Devices-project\app\build\20251221_13487742668602028977.compiler.options

Host: 13th Gen Intel(R) Core(TM) i7-1355U, 12 cores, 15G,  Windows 11 , 64 bit Build 26100 (10.0.26100.7309)
Time: Sun Dec 21 15:36:26 2025 Romance Standard Time elapsed time: 0.012923 seconds (0d 0h 0m 0s)

---------------  T H R E A D  ---------------

Current thread (0x0000020a34892960):  JavaThread "Unknown thread" [_thread_in_vm, id=26028, stack(0x000000b770800000,0x000000b770900000) (1024K)]

Stack: [0x000000b770800000,0x000000b770900000]
Native frames: (J=compiled Java code, j=interpreted, Vv=VM code, C=native code)
V  [jvm.dll+0x6d68d9]
V  [jvm.dll+0x866693]
V  [jvm.dll+0x868c4e]
V  [jvm.dll+0x869333]
V  [jvm.dll+0x280566]
V  [jvm.dll+0x6d3195]
V  [jvm.dll+0x6c69ea]
V  [jvm.dll+0x3586db]
V  [jvm.dll+0x360336]
V  [jvm.dll+0x3b23f6]
V  [jvm.dll+0x3b26c8]
V  [jvm.dll+0x32ae6c]
V  [jvm.dll+0x32bb5b]
V  [jvm.dll+0x82e109]
V  [jvm.dll+0x3bf5c8]
V  [jvm.dll+0x817388]
V  [jvm.dll+0x453b6e]
V  [jvm.dll+0x4552d1]
C  [jli.dll+0x52ab]
C  [ucrtbase.dll+0x37b0]
C  [KERNEL32.DLL+0x2e8d7]
C  [ntdll.dll+0x8c53c]


---------------  P R O C E S S  ---------------

Threads class SMR info:
_java_thread_list=0x00007ffc908bb988, length=0, elements={
}

Java Threads: ( => current thread )
Total: 0

Other Threads:
  0x0000020a36bf0870 WorkerThread "GC Thread#0"                     [id=14596, stack(0x000000b770900000,0x000000b770a00000) (1024K)]
  0x0000020a36c01360 ConcurrentGCThread "G1 Main Marker"            [id=3508, stack(0x000000b770a00000,0x000000b770b00000) (1024K)]
  0x0000020a36c01e60 WorkerThread "G1 Conc#0"                       [id=22296, stack(0x000000b770b00000,0x000000b770c00000) (1024K)]

[error occurred during error reporting (printing all threads), id 0xc0000005, EXCEPTION_ACCESS_VIOLATION (0xc0000005) at pc=0x00007ffc900addd7]
VM state: not at safepoint (not fully initialized)

VM Mutex/Monitor currently owned by a thread:  ([mutex/lock_event])
[0x00007ffc909286b8] Heap_lock - owner thread: 0x0000020a34892960

Heap address: 0x0000000704e00000, size: 4018 MB, Compressed Oops mode: Zero based, Oop shift amount: 3

CDS archive(s) mapped at: [0x0000000000000000-0x0000000000000000-0x0000000000000000), size 0, SharedBaseAddress: 0x0000000800000000, ArchiveRelocationMode: 1.
Narrow klass base: 0x0000000000000000, Narrow klass shift: 0, Narrow klass range: 0x0

GC Precious Log:
 CardTable entry size: 512
 Card Set container configuration: InlinePtr #cards 4 size 8 Array Of Cards #cards 16 size 48 Howl #buckets 8 coarsen threshold 3686 Howl Bitmap #cards 512 size 80 coarsen threshold 460 Card regions per heap region 1 cards per card region 4096

Heap:
 garbage-first heap   total 0K, used 0K [0x0000000704e00000, 0x0000000800000000)
  region size 2048K, 0 young (0K), 0 survivors (0K)
 Metaspace       used 0K, committed 0K, reserved 0K
  class space    used 0K, committed 0K, reserved 0K

Heap Regions: E=young(eden), S=young(survivor), O=old, HS=humongous(starts), HC=humongous(continues), CS=collection set, F=free, TAMS=top-at-mark-start, PB=parsable bottom

Card table byte_map: [0x0000020a49a30000,0x0000020a4a210000] _byte_map_base: 0x0000020a46209000

Marking Bits: (CMBitMap*) 0x0000020a36bf0f70
 Bits: [0x0000020a4a210000, 0x0000020a4e0d8000)

GC Heap History (0 events):
No events

Dll operation events (1 events):
Event: 0.008 Loaded shared library D:\New folder\Android Studio\jbr\bin\java.dll

Deoptimization events (0 events):
No events

Classes loaded (0 events):
No events

Classes unloaded (0 events):
No events

Classes redefined (0 events):
No events

Internal exceptions (0 events):
No events

ZGC Phase Switch (0 events):
No events

VM Operations (0 events):
No events

Memory protections (0 events):
No events

Nmethod flushes (0 events):
No events

Events (0 events):
No events


Dynamic libraries:
0x00007ff63bb50000 - 0x00007ff63bb5a000 	D:\New folder\Android Studio\jbr\bin\java.exe
0x00007ffcf06a0000 - 0x00007ffcf0907000 	C:\Windows\SYSTEM32\ntdll.dll
0x00007ffcef420000 - 0x00007ffcef4e9000 	C:\Windows\System32\KERNEL32.DLL
0x00007ffcedac0000 - 0x00007ffcedeaf000 	C:\Windows\System32\KERNELBASE.dll
0x00007ffcee2f0000 - 0x00007ffcee43b000 	C:\Windows\System32\ucrtbase.dll
0x00007ffccb5a0000 - 0x00007ffccb5b8000 	D:\New folder\Android Studio\jbr\bin\jli.dll
0x00007ffce8120000 - 0x00007ffce813b000 	D:\New folder\Android Studio\jbr\bin\VCRUNTIME140.dll
0x00007ffcef250000 - 0x00007ffcef415000 	C:\Windows\System32\USER32.dll
0x00007ffcee210000 - 0x00007ffcee237000 	C:\Windows\System32\win32u.dll
0x00007ffcd2a80000 - 0x00007ffcd2d13000 	C:\Windows\WinSxS\amd64_microsoft.windows.common-controls_6595b64144ccf1df_6.0.26100.7309_none_3e05feeae336a044\COMCTL32.dll
0x00007ffcee5b0000 - 0x00007ffcee5db000 	C:\Windows\System32\GDI32.dll
0x00007ffcefa70000 - 0x00007ffcefb19000 	C:\Windows\System32\msvcrt.dll
0x00007ffcee0e0000 - 0x00007ffcee20c000 	C:\Windows\System32\gdi32full.dll
0x00007ffcedec0000 - 0x00007ffcedf63000 	C:\Windows\System32\msvcp_win.dll
0x00007ffcef7d0000 - 0x00007ffcef801000 	C:\Windows\System32\IMM32.DLL
0x00007ffce81b0000 - 0x00007ffce81bc000 	D:\New folder\Android Studio\jbr\bin\vcruntime140_1.dll
0x00007ffcb1ab0000 - 0x00007ffcb1b3d000 	D:\New folder\Android Studio\jbr\bin\msvcp140.dll
0x00007ffc8fd70000 - 0x00007ffc90a06000 	D:\New folder\Android Studio\jbr\bin\server\jvm.dll
0x00007ffcefb20000 - 0x00007ffcefbd4000 	C:\Windows\System32\ADVAPI32.dll
0x00007ffcefbe0000 - 0x00007ffcefc86000 	C:\Windows\System32\sechost.dll
0x00007ffcef6b0000 - 0x00007ffcef7c8000 	C:\Windows\System32\RPCRT4.dll
0x00007ffcef1d0000 - 0x00007ffcef244000 	C:\Windows\System32\WS2_32.dll
0x00007ffced650000 - 0x00007ffced6ae000 	C:\Windows\SYSTEM32\POWRPROF.dll
0x00007ffce4be0000 - 0x00007ffce4c15000 	C:\Windows\SYSTEM32\WINMM.dll
0x00007ffcd2dd0000 - 0x00007ffcd2ddb000 	C:\Windows\SYSTEM32\VERSION.dll
0x00007ffced630000 - 0x00007ffced644000 	C:\Windows\SYSTEM32\UMPDC.dll
0x00007ffcec500000 - 0x00007ffcec51b000 	C:\Windows\SYSTEM32\kernel.appcore.dll
0x00007ffce7e30000 - 0x00007ffce7e3a000 	D:\New folder\Android Studio\jbr\bin\jimage.dll
0x00007ffceafe0000 - 0x00007ffceb222000 	C:\Windows\SYSTEM32\DBGHELP.DLL
0x00007ffceed40000 - 0x00007ffcef0c5000 	C:\Windows\System32\combase.dll
0x00007ffcefd00000 - 0x00007ffcefdd6000 	C:\Windows\System32\OLEAUT32.dll
0x00007ffcd1120000 - 0x00007ffcd115c000 	C:\Windows\SYSTEM32\dbgcore.DLL
0x00007ffcee240000 - 0x00007ffcee2e5000 	C:\Windows\System32\bcryptPrimitives.dll
0x00007ffcdeb80000 - 0x00007ffcdeba0000 	D:\New folder\Android Studio\jbr\bin\java.dll

JVMTI agents: none

dbghelp: loaded successfully - version: 4.0.5 - missing functions: none
symbol engine: initialized successfully - sym options: 0x614 - pdb path: .;D:\New folder\Android Studio\jbr\bin;C:\Windows\SYSTEM32;C:\Windows\WinSxS\amd64_microsoft.windows.common-controls_6595b64144ccf1df_6.0.26100.7309_none_3e05feeae336a044;D:\New folder\Android Studio\jbr\bin\server

VM Arguments:
java_command: org.jetbrains.kotlin.cli.jvm.K2JVMCompiler @D:\Mobile-Devices-project\app\build\20251221_13487742668602028977.compiler.options
java_class_path (initial): C:\Users\MONISHA\.gradle\caches\modules-2\files-2.1\org.jetbrains.kotlin\kotlin-compiler-embeddable\2.0.21\79346ed53db48b18312a472602eb5c057070c54d\kotlin-compiler-embeddable-2.0.21.jar;C:\Users\MONISHA\.gradle\caches\modules-2\files-2.1\org.jetbrains.kotlin\kotlin-stdlib\2.0.21\618b539767b4899b4660a83006e052b63f1db551\kotlin-stdlib-2.0.21.jar;C:\Users\MONISHA\.gradle\caches\modules-2\files-2.1\org.jetbrains.kotlin\kotlin-script-runtime\2.0.21\c9b044380ad41f89aa89aa896c2d32a8c0b2129d\kotlin-script-runtime-2.0.21.jar;C:\Users\MONISHA\.gradle\caches\modules-2\files-2.1\org.jetbrains.kotlin\kotlin-reflect\1.6.10\1cbe9c92c12a94eea200d23c2bbaedaf3daf5132\kotlin-reflect-1.6.10.jar;C:\Users\MONISHA\.gradle\caches\modules-2\files-2.1\org.jetbrains.kotlin\kotlin-daemon-embeddable\2.0.21\c9e933b23287de9b5a17e2116b4657bb91aea72c\kotlin-daemon-embeddable-2.0.21.jar;C:\Users\MONISHA\.gradle\caches\modules-2\files-2.1\org.jetbrains.intellij.deps\trove4j\1.0.20200330\3afb14d5f9ceb459d724e907a21145e8ff394f02\trove4j-1.0.20200330.jar;C:\Users\MONISHA\.gradle\caches\modules-2\files-2.1\org.jetbrains.kotlinx\kotlinx-coroutines-core-jvm\1.6.4\2c997cd1c0ef33f3e751d3831929aeff1390cb30\kotlinx-coroutines-core-jvm-1.6.4.jar;C:\Users\MONISHA\.gradle\caches\modules-2\files-2.1\org.jetbrains\annotations\13.0\919f0dfe192fb4e063e7dacadee7f8bb9a2672a9\annotations-13.0.jar
Launcher Type: SUN_STANDARD

[Global flags]
     intx CICompilerCount                          = 4                                         {product} {ergonomic}
     uint ConcGCThreads                            = 3                                         {product} {ergonomic}
     uint G1ConcRefinementThreads                  = 10                                        {product} {ergonomic}
   size_t G1HeapRegionSize                         = 2097152                                   {product} {ergonomic}
    uintx GCDrainStackTargetSize                   = 64                                        {product} {ergonomic}
   size_t InitialHeapSize                          = 264241152                                 {product} {ergonomic}
   size_t MarkStackSize                            = 4194304                                   {product} {ergonomic}
   size_t MaxHeapSize                              = 4213178368                                {product} {ergonomic}
   size_t MinHeapDeltaBytes                        = 2097152                                   {product} {ergonomic}
   size_t MinHeapSize                              = 8388608                                   {product} {ergonomic}
    uintx NonNMethodCodeHeapSize                   = 5839372                                {pd product} {ergonomic}
    uintx NonProfiledCodeHeapSize                  = 122909434                              {pd product} {ergonomic}
    uintx ProfiledCodeHeapSize                     = 122909434                              {pd product} {ergonomic}
    uintx ReservedCodeCacheSize                    = 251658240                              {pd product} {ergonomic}
     bool SegmentedCodeCache                       = true                                      {product} {ergonomic}
   size_t SoftMaxHeapSize                          = 4213178368                             {manageable} {ergonomic}
     bool UseCompressedOops                        = true                           {product lp64_product} {ergonomic}
     bool UseG1GC                                  = true                                      {product} {ergonomic}
     bool UseLargePagesIndividualAllocation        = false                                  {pd product} {ergonomic}

Logging:
Log output configuration:
 #0: stdout all=warning uptime,level,tags foldmultilines=false
 #1: stderr all=off uptime,level,tags foldmultilines=false

Environment Variables:
JAVA_HOME=D:\Java jdk
PATH=C:\Python314\Scripts\;C:\Python314\;C:\Program Files\Common Files\Oracle\Java\javapath;C:\Windows\system32;C:\Windows;C:\Windows\System32\Wbem;C:\Windows\System32\WindowsPowerShell\v1.0\;C:\Windows\System32\OpenSSH\;C:\Program Files\dotnet\;C:\Users\MONISHA\Downloads\gradle-9.1.0-bin\gradle-9.1.0\bin\bin;C:\Program Files\Java\jdk-21\bin;C:\Users\MONISHA\.cargo\bin;C:\Users\MONISHA\Downloads\gradle-9.1.0\bin;C:\Windows\system32\config\systemprofile\.cargo\bin;C:\Users\MONISHA\.cargo\bin;D:\Git\cmd;D:\Node.js\;C:\ProgramData\chocolatey\bin;C:\Users\MONISHA\AppData\Local\Microsoft\WindowsApps;C:\Users\MONISHA\.cargo\bin;C:\Users\MONISHA\AppData\Roaming\npm;C:\Program Files\JetBrains\IntelliJ IDEA 2025.2.4\bin
USERNAME=MONISHA
OS=Windows_NT
PROCESSOR_IDENTIFIER=Intel64 Family 6 Model 186 Stepping 3, GenuineIntel
TMP=C:\Users\MONISHA\AppData\Local\Temp
TEMP=C:\Users\MONISHA\AppData\Local\Temp




Periodic native trim disabled

JNI global refs:
JNI global refs: 0, weak refs: 0

JNI global refs memory usage: 0, weak refs: 0

Process memory usage:
Resident Set Size: 13040K (0% of 16454352K total physical memory with 1189120K free physical memory)

OOME stack traces (most recent first):
Classloader memory used:

---------------  S Y S T E M  ---------------

OS:
 Windows 11 , 64 bit Build 26100 (10.0.26100.7309)
OS uptime: 7 days 0:17 hours
Hyper-V role detected

CPU: total 12 (initial active 12) (6 cores per cpu, 2 threads per core) family 6 model 186 stepping 3 microcode 0x4128, cx8, cmov, fxsr, ht, mmx, 3dnowpref, sse, sse2, sse3, ssse3, sse4.1, sse4.2, popcnt, lzcnt, tsc, tscinvbit, avx, avx2, aes, erms, clmul, bmi1, bmi2, adx, sha, fma, vzeroupper, clflush, clflushopt, clwb, hv, serialize, rdtscp, rdpid, fsrm, f16c, cet_ibt, cet_ss
Processor Information for the first 12 processors :
  Max Mhz: 1700, Current Mhz: 1700, Mhz Limit: 1700

Memory: 4k page, system-wide physical 16068M (1161M free)
TotalPageFile size 20630M (AvailPageFile size 85M)
current process WorkingSet (physical memory assigned to process): 12M, peak: 12M
current process commit charge ("private bytes"): 64M, peak: 316M

vm_info: OpenJDK 64-Bit Server VM (21.0.8+-14018985-b1038.68) for windows-amd64 JRE (21.0.8+-14018985-b1038.68), built on 2025-08-29T19:56:34Z by "builder" with MS VC++ 16.10 / 16.11 (VS2019)

END.
