#
# There is insufficient memory for the Java Runtime Environment to continue.
# Native memory allocation (malloc) failed to allocate 855456 bytes. Error detail: Chunk::new
# Possible reasons:
#   The system is out of physical RAM or swap space
#   This process is running with CompressedOops enabled, and the Java Heap may be blocking the growth of the native heap
# Possible solutions:
#   Reduce memory load on the system
#   Increase physical memory or swap space
#   Check if swap backing store is full
#   Decrease Java heap size (-Xmx/-Xms)
#   Decrease number of Java threads
#   Decrease Java thread stack sizes (-Xss)
#   Set larger code cache with -XX:ReservedCodeCacheSize=
#   JVM is running with Zero Based Compressed Oops mode in which the Java heap is
#     placed in the first 32GB address space. The Java Heap base address is the
#     maximum limit for the native heap growth. Please use -XX:HeapBaseMinAddress
#     to set the Java Heap base and to place the Java Heap above 32GB virtual address.
# This output file may be truncated or incomplete.
#
#  Out of Memory Error (arena.cpp:168), pid=11660, tid=11568
#
# JRE version: OpenJDK Runtime Environment (21.0.8) (build 21.0.8+-14018985-b1038.68)
# Java VM: OpenJDK 64-Bit Server VM (21.0.8+-14018985-b1038.68, mixed mode, tiered, compressed oops, compressed class ptrs, g1 gc, windows-amd64)
# No core dump will be written. Minidumps are not enabled by default on client versions of Windows
#

---------------  S U M M A R Y ------------

Command Line: org.jetbrains.kotlin.cli.jvm.K2JVMCompiler @D:\Mobile-Devices-project\app\build\20251221_10370541288243694238.compiler.options

Host: 13th Gen Intel(R) Core(TM) i7-1355U, 12 cores, 15G,  Windows 11 , 64 bit Build 26100 (10.0.26100.7309)
Time: Sun Dec 21 15:25:37 2025 Romance Standard Time elapsed time: 12.571984 seconds (0d 0h 0m 12s)

---------------  T H R E A D  ---------------

Current thread (0x00000245372e2950):  JavaThread "C2 CompilerThread0" daemon [_thread_in_native, id=11568, stack(0x000000720d000000,0x000000720d100000) (1024K)]


Current CompileTask:
C2:12572 6095       4       org.jetbrains.org.objectweb.asm.ClassReader::readMethod (1061 bytes)

Stack: [0x000000720d000000,0x000000720d100000]
Native frames: (J=compiled Java code, j=interpreted, Vv=VM code, C=native code)
V  [jvm.dll+0x6d68d9]
V  [jvm.dll+0x866693]
V  [jvm.dll+0x868c4e]
V  [jvm.dll+0x869333]
V  [jvm.dll+0x280566]
V  [jvm.dll+0xc07cd]
V  [jvm.dll+0xc0d03]
V  [jvm.dll+0x2f5970]
V  [jvm.dll+0x5ff719]
V  [jvm.dll+0x252362]
V  [jvm.dll+0x24acaa]
V  [jvm.dll+0x24871e]
V  [jvm.dll+0x1c73a4]
V  [jvm.dll+0x257f9e]
V  [jvm.dll+0x2564e6]
V  [jvm.dll+0x3f4696]
V  [jvm.dll+0x80eac8]
V  [jvm.dll+0x6d512d]
C  [ucrtbase.dll+0x37b0]
C  [KERNEL32.DLL+0x2e8d7]
C  [ntdll.dll+0x8c53c]


---------------  P R O C E S S  ---------------

Threads class SMR info:
_java_thread_list=0x000002453cc40880, length=13, elements={
0x000002451ae1f870, 0x000002453729cfc0, 0x000002453729dc80, 0x00000245372b90e0,
0x00000245372c3320, 0x00000245372c3990, 0x00000245372d5630, 0x00000245372e0830,
0x00000245372e2950, 0x00000245372ebc20, 0x000002453739e790, 0x000002453d4282e0,
0x000002453cc40be0
}

Java Threads: ( => current thread )
  0x000002451ae1f870 JavaThread "main"                              [_thread_in_Java, id=20372, stack(0x000000720c100000,0x000000720c200000) (1024K)]
  0x000002453729cfc0 JavaThread "Common-Cleaner"             daemon [_thread_blocked, id=30716, stack(0x000000720c900000,0x000000720ca00000) (1024K)]
  0x000002453729dc80 JavaThread "Reference Handler"          daemon [_thread_blocked, id=23496, stack(0x000000720ca00000,0x000000720cb00000) (1024K)]
  0x00000245372b90e0 JavaThread "Finalizer"                  daemon [_thread_blocked, id=20356, stack(0x000000720cb00000,0x000000720cc00000) (1024K)]
  0x00000245372c3320 JavaThread "Signal Dispatcher"          daemon [_thread_blocked, id=24204, stack(0x000000720cc00000,0x000000720cd00000) (1024K)]
  0x00000245372c3990 JavaThread "Attach Listener"            daemon [_thread_blocked, id=11280, stack(0x000000720cd00000,0x000000720ce00000) (1024K)]
  0x00000245372d5630 JavaThread "Service Thread"             daemon [_thread_blocked, id=1324, stack(0x000000720ce00000,0x000000720cf00000) (1024K)]
  0x00000245372e0830 JavaThread "Monitor Deflation Thread"   daemon [_thread_blocked, id=29296, stack(0x000000720cf00000,0x000000720d000000) (1024K)]
=>0x00000245372e2950 JavaThread "C2 CompilerThread0"         daemon [_thread_in_native, id=11568, stack(0x000000720d000000,0x000000720d100000) (1024K)]
  0x00000245372ebc20 JavaThread "C1 CompilerThread0"         daemon [_thread_in_vm, id=27476, stack(0x000000720d100000,0x000000720d200000) (1024K)]
  0x000002453739e790 JavaThread "Notification Thread"        daemon [_thread_blocked, id=17264, stack(0x000000720d200000,0x000000720d300000) (1024K)]
  0x000002453d4282e0 JavaThread "C2 CompilerThread1"         daemon [_thread_blocked, id=31032, stack(0x000000720db00000,0x000000720dc00000) (1024K)]
  0x000002453cc40be0 JavaThread "C2 CompilerThread2"         daemon [_thread_blocked, id=19600, stack(0x000000720df00000,0x000000720e000000) (1024K)]
Total: 13

Other Threads:
  0x000002453721d420 VMThread "VM Thread"                           [id=19700, stack(0x000000720c800000,0x000000720c900000) (1024K)]
  0x0000024537089170 WatcherThread "VM Periodic Task Thread"        [id=30600, stack(0x000000720c700000,0x000000720c800000) (1024K)]
  0x000002451ae80ee0 WorkerThread "GC Thread#0"                     [id=3296, stack(0x000000720c200000,0x000000720c300000) (1024K)]
  0x0000024537bb6260 WorkerThread "GC Thread#1"                     [id=5992, stack(0x000000720d300000,0x000000720d400000) (1024K)]
  0x0000024537bb6600 WorkerThread "GC Thread#2"                     [id=24460, stack(0x000000720d400000,0x000000720d500000) (1024K)]
  0x0000024537be9ee0 WorkerThread "GC Thread#3"                     [id=16784, stack(0x000000720d500000,0x000000720d600000) (1024K)]
  0x0000024537bea690 WorkerThread "GC Thread#4"                     [id=1540, stack(0x000000720d600000,0x000000720d700000) (1024K)]
  0x0000024537be04a0 WorkerThread "GC Thread#5"                     [id=24420, stack(0x000000720d700000,0x000000720d800000) (1024K)]
  0x0000024537cc7240 WorkerThread "GC Thread#6"                     [id=21864, stack(0x000000720d800000,0x000000720d900000) (1024K)]
  0x000002453cacc540 WorkerThread "GC Thread#7"                     [id=13068, stack(0x000000720dd00000,0x000000720de00000) (1024K)]
  0x000002453cacf0c0 WorkerThread "GC Thread#8"                     [id=17196, stack(0x000000720de00000,0x000000720df00000) (1024K)]
  0x000002453cacfba0 WorkerThread "GC Thread#9"                     [id=20212, stack(0x000000720dc00000,0x000000720dd00000) (1024K)]
  0x000002451ae93020 ConcurrentGCThread "G1 Main Marker"            [id=7420, stack(0x000000720c300000,0x000000720c400000) (1024K)]
  0x000002451ae93b20 WorkerThread "G1 Conc#0"                       [id=25660, stack(0x000000720c400000,0x000000720c500000) (1024K)]
  0x0000024537cc75e0 WorkerThread "G1 Conc#1"                       [id=24360, stack(0x000000720d900000,0x000000720da00000) (1024K)]
  0x0000024537cc8800 WorkerThread "G1 Conc#2"                       [id=11592, stack(0x000000720da00000,0x000000720db00000) (1024K)]
  0x000002451aede7c0 ConcurrentGCThread "G1 Refine#0"               [id=26860, stack(0x000000720c500000,0x000000720c600000) (1024K)]
  0x0000024536f5b4e0 ConcurrentGCThread "G1 Service"                [id=12800, stack(0x000000720c600000,0x000000720c700000) (1024K)]
Total: 18

Threads with active compile tasks:
C2 CompilerThread0  12600 6095       4       org.jetbrains.org.objectweb.asm.ClassReader::readMethod (1061 bytes)
C1 CompilerThread0  12600 6187       3       org.jetbrains.kotlin.fir.deserialization.ClassDeserializationKt::deserializeClassToSymbol (2868 bytes)
Total: 2

VM state: not at safepoint (normal execution)

VM Mutex/Monitor currently owned by a thread: None

Heap address: 0x0000000704e00000, size: 4018 MB, Compressed Oops mode: Zero based, Oop shift amount: 3

CDS archive(s) not mapped
Compressed class space mapped at: 0x0000000800000000-0x0000000840000000, reserved size: 1073741824
Narrow klass base: 0x0000000800000000, Narrow klass shift: 0, Narrow klass range: 0x40000000

GC Precious Log:
 CardTable entry size: 512
 Card Set container configuration: InlinePtr #cards 4 size 8 Array Of Cards #cards 16 size 48 Howl #buckets 8 coarsen threshold 3686 Howl Bitmap #cards 512 size 80 coarsen threshold 460 Card regions per heap region 1 cards per card region 4096
 CPUs: 12 total, 12 available
 Memory: 16068M
 Large Page Support: Disabled
 NUMA Support: Disabled
 Compressed Oops: Enabled (Zero based)
 Heap Region Size: 2M
 Heap Min Capacity: 8M
 Heap Initial Capacity: 252M
 Heap Max Capacity: 4018M
 Pre-touch: Disabled
 Parallel Workers: 10
 Concurrent Workers: 3
 Concurrent Refinement Workers: 10
 Periodic GC: Disabled

Heap:
 garbage-first heap   total 153600K, used 57344K [0x0000000704e00000, 0x0000000800000000)
  region size 2048K, 6 young (12288K), 4 survivors (8192K)
 Metaspace       used 56595K, committed 56832K, reserved 1114112K
  class space    used 6585K, committed 6656K, reserved 1048576K

Heap Regions: E=young(eden), S=young(survivor), O=old, HS=humongous(starts), HC=humongous(continues), CS=collection set, F=free, TAMS=top-at-mark-start, PB=parsable bottom
|   0|0x0000000704e00000, 0x0000000705000000, 0x0000000705000000|100%|HS|  |TAMS 0x0000000704e00000| PB 0x0000000704e00000| Complete 
|   1|0x0000000705000000, 0x0000000705200000, 0x0000000705200000|100%|HC|  |TAMS 0x0000000705000000| PB 0x0000000705000000| Complete 
|   2|0x0000000705200000, 0x0000000705400000, 0x0000000705400000|100%| O|  |TAMS 0x0000000705200000| PB 0x0000000705200000| Untracked 
|   3|0x0000000705400000, 0x0000000705600000, 0x0000000705600000|100%| O|  |TAMS 0x0000000705400000| PB 0x0000000705400000| Untracked 
|   4|0x0000000705600000, 0x0000000705800000, 0x0000000705800000|100%| O|  |TAMS 0x0000000705600000| PB 0x0000000705600000| Untracked 
|   5|0x0000000705800000, 0x0000000705a00000, 0x0000000705a00000|100%| O|  |TAMS 0x0000000705800000| PB 0x0000000705800000| Untracked 
|   6|0x0000000705a00000, 0x0000000705c00000, 0x0000000705c00000|100%| O|  |TAMS 0x0000000705a00000| PB 0x0000000705a00000| Untracked 
|   7|0x0000000705c00000, 0x0000000705e00000, 0x0000000705e00000|100%| O|  |TAMS 0x0000000705c00000| PB 0x0000000705c00000| Untracked 
|   8|0x0000000705e00000, 0x0000000706000000, 0x0000000706000000|100%| O|  |TAMS 0x0000000705e00000| PB 0x0000000705e00000| Untracked 
|   9|0x0000000706000000, 0x0000000706200000, 0x0000000706200000|100%| O|  |TAMS 0x0000000706000000| PB 0x0000000706000000| Untracked 
|  10|0x0000000706200000, 0x0000000706400000, 0x0000000706400000|100%| O|  |TAMS 0x0000000706200000| PB 0x0000000706200000| Untracked 
|  11|0x0000000706400000, 0x0000000706600000, 0x0000000706600000|100%| O|  |TAMS 0x0000000706400000| PB 0x0000000706400000| Untracked 
|  12|0x0000000706600000, 0x0000000706800000, 0x0000000706800000|100%| O|  |TAMS 0x0000000706600000| PB 0x0000000706600000| Untracked 
|  13|0x0000000706800000, 0x0000000706a00000, 0x0000000706a00000|100%| O|  |TAMS 0x0000000706800000| PB 0x0000000706800000| Untracked 
|  14|0x0000000706a00000, 0x0000000706c00000, 0x0000000706c00000|100%| O|  |TAMS 0x0000000706a00000| PB 0x0000000706a00000| Untracked 
|  15|0x0000000706c00000, 0x0000000706e00000, 0x0000000706e00000|100%| O|  |TAMS 0x0000000706c00000| PB 0x0000000706c00000| Untracked 
|  16|0x0000000706e00000, 0x0000000707000000, 0x0000000707000000|100%| O|  |TAMS 0x0000000706e00000| PB 0x0000000706e00000| Untracked 
|  17|0x0000000707000000, 0x0000000707200000, 0x0000000707200000|100%| O|  |TAMS 0x0000000707000000| PB 0x0000000707000000| Untracked 
|  18|0x0000000707200000, 0x0000000707400000, 0x0000000707400000|100%| O|  |TAMS 0x0000000707200000| PB 0x0000000707200000| Untracked 
|  19|0x0000000707400000, 0x0000000707600000, 0x0000000707600000|100%| O|  |TAMS 0x0000000707400000| PB 0x0000000707400000| Untracked 
|  20|0x0000000707600000, 0x0000000707800000, 0x0000000707800000|100%| O|  |TAMS 0x0000000707600000| PB 0x0000000707600000| Untracked 
|  21|0x0000000707800000, 0x0000000707a00000, 0x0000000707a00000|100%| O|  |TAMS 0x0000000707800000| PB 0x0000000707800000| Untracked 
|  22|0x0000000707a00000, 0x0000000707c00000, 0x0000000707c00000|100%| O|  |TAMS 0x0000000707a00000| PB 0x0000000707a00000| Untracked 
|  23|0x0000000707c00000, 0x0000000707c00000, 0x0000000707e00000|  0%| F|  |TAMS 0x0000000707c00000| PB 0x0000000707c00000| Untracked 
|  24|0x0000000707e00000, 0x0000000707e00000, 0x0000000708000000|  0%| F|  |TAMS 0x0000000707e00000| PB 0x0000000707e00000| Untracked 
|  25|0x0000000708000000, 0x0000000708000000, 0x0000000708200000|  0%| F|  |TAMS 0x0000000708000000| PB 0x0000000708000000| Untracked 
|  26|0x0000000708200000, 0x0000000708200000, 0x0000000708400000|  0%| F|  |TAMS 0x0000000708200000| PB 0x0000000708200000| Untracked 
|  27|0x0000000708400000, 0x0000000708400000, 0x0000000708600000|  0%| F|  |TAMS 0x0000000708400000| PB 0x0000000708400000| Untracked 
|  28|0x0000000708600000, 0x0000000708600000, 0x0000000708800000|  0%| F|  |TAMS 0x0000000708600000| PB 0x0000000708600000| Untracked 
|  29|0x0000000708800000, 0x0000000708800000, 0x0000000708a00000|  0%| F|  |TAMS 0x0000000708800000| PB 0x0000000708800000| Untracked 
|  30|0x0000000708a00000, 0x0000000708a00000, 0x0000000708c00000|  0%| F|  |TAMS 0x0000000708a00000| PB 0x0000000708a00000| Untracked 
|  31|0x0000000708c00000, 0x0000000708c00000, 0x0000000708e00000|  0%| F|  |TAMS 0x0000000708c00000| PB 0x0000000708c00000| Untracked 
|  32|0x0000000708e00000, 0x0000000708e00000, 0x0000000709000000|  0%| F|  |TAMS 0x0000000708e00000| PB 0x0000000708e00000| Untracked 
|  33|0x0000000709000000, 0x0000000709000000, 0x0000000709200000|  0%| F|  |TAMS 0x0000000709000000| PB 0x0000000709000000| Untracked 
|  34|0x0000000709200000, 0x0000000709200000, 0x0000000709400000|  0%| F|  |TAMS 0x0000000709200000| PB 0x0000000709200000| Untracked 
|  35|0x0000000709400000, 0x0000000709400000, 0x0000000709600000|  0%| F|  |TAMS 0x0000000709400000| PB 0x0000000709400000| Untracked 
|  36|0x0000000709600000, 0x0000000709600000, 0x0000000709800000|  0%| F|  |TAMS 0x0000000709600000| PB 0x0000000709600000| Untracked 
|  37|0x0000000709800000, 0x0000000709800000, 0x0000000709a00000|  0%| F|  |TAMS 0x0000000709800000| PB 0x0000000709800000| Untracked 
|  38|0x0000000709a00000, 0x0000000709a00000, 0x0000000709c00000|  0%| F|  |TAMS 0x0000000709a00000| PB 0x0000000709a00000| Untracked 
|  39|0x0000000709c00000, 0x0000000709c00000, 0x0000000709e00000|  0%| F|  |TAMS 0x0000000709c00000| PB 0x0000000709c00000| Untracked 
|  40|0x0000000709e00000, 0x0000000709e00000, 0x000000070a000000|  0%| F|  |TAMS 0x0000000709e00000| PB 0x0000000709e00000| Untracked 
|  41|0x000000070a000000, 0x000000070a000000, 0x000000070a200000|  0%| F|  |TAMS 0x000000070a000000| PB 0x000000070a000000| Untracked 
|  42|0x000000070a200000, 0x000000070a200000, 0x000000070a400000|  0%| F|  |TAMS 0x000000070a200000| PB 0x000000070a200000| Untracked 
|  43|0x000000070a400000, 0x000000070a400000, 0x000000070a600000|  0%| F|  |TAMS 0x000000070a400000| PB 0x000000070a400000| Untracked 
|  44|0x000000070a600000, 0x000000070a600000, 0x000000070a800000|  0%| F|  |TAMS 0x000000070a600000| PB 0x000000070a600000| Untracked 
|  45|0x000000070a800000, 0x000000070a800000, 0x000000070aa00000|  0%| F|  |TAMS 0x000000070a800000| PB 0x000000070a800000| Untracked 
|  46|0x000000070aa00000, 0x000000070ac00000, 0x000000070ac00000|100%| S|CS|TAMS 0x000000070aa00000| PB 0x000000070aa00000| Complete 
|  47|0x000000070ac00000, 0x000000070ae00000, 0x000000070ae00000|100%| S|CS|TAMS 0x000000070ac00000| PB 0x000000070ac00000| Complete 
|  48|0x000000070ae00000, 0x000000070b000000, 0x000000070b000000|100%| S|CS|TAMS 0x000000070ae00000| PB 0x000000070ae00000| Complete 
|  49|0x000000070b000000, 0x000000070b200000, 0x000000070b200000|100%| S|CS|TAMS 0x000000070b000000| PB 0x000000070b000000| Complete 
|  50|0x000000070b200000, 0x000000070b200000, 0x000000070b400000|  0%| F|  |TAMS 0x000000070b200000| PB 0x000000070b200000| Untracked 
|  51|0x000000070b400000, 0x000000070b400000, 0x000000070b600000|  0%| F|  |TAMS 0x000000070b400000| PB 0x000000070b400000| Untracked 
|  52|0x000000070b600000, 0x000000070b600000, 0x000000070b800000|  0%| F|  |TAMS 0x000000070b600000| PB 0x000000070b600000| Untracked 
|  53|0x000000070b800000, 0x000000070b800000, 0x000000070ba00000|  0%| F|  |TAMS 0x000000070b800000| PB 0x000000070b800000| Untracked 
|  54|0x000000070ba00000, 0x000000070ba00000, 0x000000070bc00000|  0%| F|  |TAMS 0x000000070ba00000| PB 0x000000070ba00000| Untracked 
|  55|0x000000070bc00000, 0x000000070bc00000, 0x000000070be00000|  0%| F|  |TAMS 0x000000070bc00000| PB 0x000000070bc00000| Untracked 
|  56|0x000000070be00000, 0x000000070be00000, 0x000000070c000000|  0%| F|  |TAMS 0x000000070be00000| PB 0x000000070be00000| Untracked 
|  57|0x000000070c000000, 0x000000070c000000, 0x000000070c200000|  0%| F|  |TAMS 0x000000070c000000| PB 0x000000070c000000| Untracked 
|  58|0x000000070c200000, 0x000000070c200000, 0x000000070c400000|  0%| F|  |TAMS 0x000000070c200000| PB 0x000000070c200000| Untracked 
|  59|0x000000070c400000, 0x000000070c400000, 0x000000070c600000|  0%| F|  |TAMS 0x000000070c400000| PB 0x000000070c400000| Untracked 
|  60|0x000000070c600000, 0x000000070c600000, 0x000000070c800000|  0%| F|  |TAMS 0x000000070c600000| PB 0x000000070c600000| Untracked 
|  61|0x000000070c800000, 0x000000070c800000, 0x000000070ca00000|  0%| F|  |TAMS 0x000000070c800000| PB 0x000000070c800000| Untracked 
|  62|0x000000070ca00000, 0x000000070ca00000, 0x000000070cc00000|  0%| F|  |TAMS 0x000000070ca00000| PB 0x000000070ca00000| Untracked 
|  63|0x000000070cc00000, 0x000000070cc00000, 0x000000070ce00000|  0%| F|  |TAMS 0x000000070cc00000| PB 0x000000070cc00000| Untracked 
|  64|0x000000070ce00000, 0x000000070ce00000, 0x000000070d000000|  0%| F|  |TAMS 0x000000070ce00000| PB 0x000000070ce00000| Untracked 
|  65|0x000000070d000000, 0x000000070d000000, 0x000000070d200000|  0%| F|  |TAMS 0x000000070d000000| PB 0x000000070d000000| Untracked 
|  66|0x000000070d200000, 0x000000070d200000, 0x000000070d400000|  0%| F|  |TAMS 0x000000070d200000| PB 0x000000070d200000| Untracked 
|  67|0x000000070d400000, 0x000000070d400000, 0x000000070d600000|  0%| F|  |TAMS 0x000000070d400000| PB 0x000000070d400000| Untracked 
|  68|0x000000070d600000, 0x000000070d600000, 0x000000070d800000|  0%| F|  |TAMS 0x000000070d600000| PB 0x000000070d600000| Untracked 
|  69|0x000000070d800000, 0x000000070d800000, 0x000000070da00000|  0%| F|  |TAMS 0x000000070d800000| PB 0x000000070d800000| Untracked 
|  70|0x000000070da00000, 0x000000070da00000, 0x000000070dc00000|  0%| F|  |TAMS 0x000000070da00000| PB 0x000000070da00000| Untracked 
| 109|0x0000000712800000, 0x0000000712800000, 0x0000000712a00000|  0%| F|  |TAMS 0x0000000712800000| PB 0x0000000712800000| Untracked 
| 110|0x0000000712a00000, 0x0000000712a00000, 0x0000000712c00000|  0%| F|  |TAMS 0x0000000712a00000| PB 0x0000000712a00000| Untracked 
| 111|0x0000000712c00000, 0x0000000712d06cc0, 0x0000000712e00000| 51%| E|  |TAMS 0x0000000712c00000| PB 0x0000000712c00000| Complete 
| 125|0x0000000714800000, 0x0000000714a00000, 0x0000000714a00000|100%| E|CS|TAMS 0x0000000714800000| PB 0x0000000714800000| Complete 

Card table byte_map: [0x000002452fcd0000,0x00000245304b0000] _byte_map_base: 0x000002452c4a9000

Marking Bits: (CMBitMap*) 0x000002451ae81df0
 Bits: [0x00000245304b0000, 0x0000024534378000)

Polling page: 0x000002451b280000

Metaspace:

Usage:
  Non-class:     48.84 MB used.
      Class:      6.43 MB used.
       Both:     55.28 MB used.

Virtual space:
  Non-class space:       64.00 MB reserved,      49.00 MB ( 77%) committed,  1 nodes.
      Class space:        1.00 GB reserved,       6.50 MB ( <1%) committed,  1 nodes.
             Both:        1.06 GB reserved,      55.50 MB (  5%) committed. 

Chunk freelists:
   Non-Class:  14.69 MB
       Class:  9.44 MB
        Both:  24.12 MB

MaxMetaspaceSize: unlimited
CompressedClassSpaceSize: 1.00 GB
Initial GC threshold: 21.00 MB
Current GC threshold: 58.75 MB
CDS: off
 - commit_granule_bytes: 65536.
 - commit_granule_words: 8192.
 - virtual_space_node_default_size: 8388608.
 - enlarge_chunks_in_place: 1.
 - use_allocation_guard: 0.


Internal statistics:

num_allocs_failed_limit: 6.
num_arena_births: 252.
num_arena_deaths: 0.
num_vsnodes_births: 2.
num_vsnodes_deaths: 0.
num_space_committed: 887.
num_space_uncommitted: 0.
num_chunks_returned_to_freelist: 6.
num_chunks_taken_from_freelist: 1917.
num_chunk_merges: 6.
num_chunk_splits: 1604.
num_chunks_enlarged: 1474.
num_inconsistent_stats: 0.

CodeHeap 'non-profiled nmethods': size=120000Kb used=3318Kb max_used=3318Kb free=116681Kb
 bounds [0x0000024527340000, 0x0000024527680000, 0x000002452e870000]
CodeHeap 'profiled nmethods': size=120000Kb used=15845Kb max_used=15845Kb free=104154Kb
 bounds [0x000002451f870000, 0x00000245207f0000, 0x0000024526da0000]
CodeHeap 'non-nmethods': size=5760Kb used=1625Kb max_used=1660Kb free=4134Kb
 bounds [0x0000024526da0000, 0x0000024527010000, 0x0000024527340000]
CodeCache: size=245760Kb, used=20788Kb, max_used=20823Kb, free=224969Kb
 total_blobs=6741, nmethods=6065, adapters=578, full_count=0
Compilation: enabled, stopped_count=0, restarted_count=0

Compilation events (20 events):
Event: 12.551 Thread 0x00000245372ebc20 6164       3       kotlin.text.StringsKt__StringsKt::removePrefix (51 bytes)
Event: 12.553 Thread 0x000002453cc40be0 nmethod 6157 0x000002452767cd90 code [0x000002452767cf20, 0x000002452767d290]
Event: 12.554 Thread 0x00000245372ebc20 nmethod 6164 0x00000245207d4990 code [0x00000245207d4ca0, 0x00000245207d5a88]
Event: 12.554 Thread 0x00000245372ebc20 6168       3       org.jetbrains.kotlin.fir.resolve.calls.candidate.CandidateFactory$Companion::buildBaseSystem (82 bytes)
Event: 12.556 Thread 0x000002453cc40be0 6170       4       java.util.LinkedHashMap::afterNodeAccess (266 bytes)
Event: 12.557 Thread 0x00000245372ebc20 nmethod 6168 0x00000245207d6010 code [0x00000245207d6460, 0x00000245207d8150]
Event: 12.557 Thread 0x00000245372ebc20 6166       3       org.jetbrains.kotlin.fir.resolve.calls.candidate.CandidateFactory::<init> (26 bytes)
Event: 12.558 Thread 0x000002453cc40be0 nmethod 6170 0x000002452767d410 code [0x000002452767d5a0, 0x000002452767d6c0]
Event: 12.558 Thread 0x00000245372ebc20 nmethod 6166 0x00000245207d8b90 code [0x00000245207d8e40, 0x00000245207d9968]
Event: 12.558 Thread 0x00000245372ebc20 6167       3       org.jetbrains.kotlin.fir.resolve.calls.candidate.CandidateFactory$Companion::access$buildBaseSystem (7 bytes)
Event: 12.558 Thread 0x00000245372ebc20 nmethod 6167 0x00000245207d9d90 code [0x00000245207d9f40, 0x00000245207da060]
Event: 12.558 Thread 0x00000245372ebc20 6169       3       org.jetbrains.kotlin.fir.resolve.calls.candidate.CandidateFactory::<init> (74 bytes)
Event: 12.559 Thread 0x00000245372ebc20 nmethod 6169 0x00000245207da110 code [0x00000245207da440, 0x00000245207db5f8]
Event: 12.559 Thread 0x00000245372ebc20 6165       3       kotlin.text.StringsKt__StringsKt::startsWith$default (15 bytes)
Event: 12.560 Thread 0x00000245372ebc20 nmethod 6165 0x00000245207dbb90 code [0x00000245207dbd40, 0x00000245207dbe90]
Event: 12.563 Thread 0x00000245372ebc20 6171       3       org.jetbrains.kotlin.fir.resolve.calls.stages.CollectTypeVariableUsagesInfo::check (186 bytes)
Event: 12.567 Thread 0x00000245372ebc20 nmethod 6171 0x00000245207dbf90 code [0x00000245207dc500, 0x00000245207df258]
Event: 12.567 Thread 0x00000245372ebc20 6172       3       org.jetbrains.kotlin.fir.resolve.calls.candidate.Candidate$$Lambda/0x0000000800616598::invoke (12 bytes)
Event: 12.568 Thread 0x00000245372ebc20 nmethod 6172 0x00000245207e0090 code [0x00000245207e0240, 0x00000245207e0390]
Event: 12.568 Thread 0x00000245372ebc20 6173       3       org.jetbrains.kotlin.fir.resolve.calls.candidate.Candidate::system_delegate$lambda$1 (80 bytes)

GC Heap History (20 events):
Event: 1.314 GC heap before
{Heap before GC invocations=0 (full 0):
 garbage-first heap   total 258048K, used 24576K [0x0000000704e00000, 0x0000000800000000)
  region size 2048K, 11 young (22528K), 0 survivors (0K)
 Metaspace       used 13796K, committed 13952K, reserved 1114112K
  class space    used 1335K, committed 1408K, reserved 1048576K
}
Event: 1.322 GC heap after
{Heap after GC invocations=1 (full 0):
 garbage-first heap   total 258048K, used 7092K [0x0000000704e00000, 0x0000000800000000)
  region size 2048K, 2 young (4096K), 2 survivors (4096K)
 Metaspace       used 13796K, committed 13952K, reserved 1114112K
  class space    used 1335K, committed 1408K, reserved 1048576K
}
Event: 2.238 GC heap before
{Heap before GC invocations=1 (full 0):
 garbage-first heap   total 258048K, used 27572K [0x0000000704e00000, 0x0000000800000000)
  region size 2048K, 14 young (28672K), 2 survivors (4096K)
 Metaspace       used 21284K, committed 21504K, reserved 1114112K
  class space    used 2231K, committed 2368K, reserved 1048576K
}
Event: 2.248 GC heap after
{Heap after GC invocations=2 (full 0):
 garbage-first heap   total 258048K, used 8381K [0x0000000704e00000, 0x0000000800000000)
  region size 2048K, 3 young (6144K), 3 survivors (6144K)
 Metaspace       used 21284K, committed 21504K, reserved 1114112K
  class space    used 2231K, committed 2368K, reserved 1048576K
}
Event: 3.148 GC heap before
{Heap before GC invocations=3 (full 0):
 garbage-first heap   total 34816K, used 32957K [0x0000000704e00000, 0x0000000800000000)
  region size 2048K, 15 young (30720K), 3 survivors (6144K)
 Metaspace       used 25758K, committed 25920K, reserved 1114112K
  class space    used 2829K, committed 2880K, reserved 1048576K
}
Event: 3.162 GC heap after
{Heap after GC invocations=4 (full 0):
 garbage-first heap   total 47104K, used 14903K [0x0000000704e00000, 0x0000000800000000)
  region size 2048K, 6 young (12288K), 6 survivors (12288K)
 Metaspace       used 25758K, committed 25920K, reserved 1114112K
  class space    used 2829K, committed 2880K, reserved 1048576K
}
Event: 3.718 GC heap before
{Heap before GC invocations=4 (full 0):
 garbage-first heap   total 47104K, used 29239K [0x0000000704e00000, 0x0000000800000000)
  region size 2048K, 13 young (26624K), 6 survivors (12288K)
 Metaspace       used 29665K, committed 29952K, reserved 1114112K
  class space    used 3275K, committed 3392K, reserved 1048576K
}
Event: 3.733 GC heap after
{Heap after GC invocations=5 (full 0):
 garbage-first heap   total 47104K, used 16144K [0x0000000704e00000, 0x0000000800000000)
  region size 2048K, 1 young (2048K), 1 survivors (2048K)
 Metaspace       used 29665K, committed 29952K, reserved 1114112K
  class space    used 3275K, committed 3392K, reserved 1048576K
}
Event: 4.963 GC heap before
{Heap before GC invocations=5 (full 0):
 garbage-first heap   total 47104K, used 34576K [0x0000000704e00000, 0x0000000800000000)
  region size 2048K, 10 young (20480K), 1 survivors (2048K)
 Metaspace       used 34771K, committed 34944K, reserved 1114112K
  class space    used 4329K, committed 4416K, reserved 1048576K
}
Event: 4.975 GC heap after
{Heap after GC invocations=6 (full 0):
 garbage-first heap   total 47104K, used 17119K [0x0000000704e00000, 0x0000000800000000)
  region size 2048K, 2 young (4096K), 2 survivors (4096K)
 Metaspace       used 34771K, committed 34944K, reserved 1114112K
  class space    used 4329K, committed 4416K, reserved 1048576K
}
Event: 5.161 GC heap before
{Heap before GC invocations=6 (full 0):
 garbage-first heap   total 47104K, used 19167K [0x0000000704e00000, 0x0000000800000000)
  region size 2048K, 5 young (10240K), 2 survivors (4096K)
 Metaspace       used 35715K, committed 35968K, reserved 1114112K
  class space    used 4414K, committed 4544K, reserved 1048576K
}
Event: 5.169 GC heap after
{Heap after GC invocations=7 (full 0):
 garbage-first heap   total 47104K, used 17174K [0x0000000704e00000, 0x0000000800000000)
  region size 2048K, 1 young (2048K), 1 survivors (2048K)
 Metaspace       used 35715K, committed 35968K, reserved 1114112K
  class space    used 4414K, committed 4544K, reserved 1048576K
}
Event: 5.991 GC heap before
{Heap before GC invocations=8 (full 0):
 garbage-first heap   total 47104K, used 35606K [0x0000000704e00000, 0x0000000800000000)
  region size 2048K, 11 young (22528K), 1 survivors (2048K)
 Metaspace       used 41254K, committed 41472K, reserved 1114112K
  class space    used 5005K, committed 5120K, reserved 1048576K
}
Event: 6.004 GC heap after
{Heap after GC invocations=9 (full 0):
 garbage-first heap   total 47104K, used 18700K [0x0000000704e00000, 0x0000000800000000)
  region size 2048K, 2 young (4096K), 2 survivors (4096K)
 Metaspace       used 41254K, committed 41472K, reserved 1114112K
  class space    used 5005K, committed 5120K, reserved 1048576K
}
Event: 6.888 GC heap before
{Heap before GC invocations=9 (full 0):
 garbage-first heap   total 47104K, used 35084K [0x0000000704e00000, 0x0000000800000000)
  region size 2048K, 11 young (22528K), 2 survivors (4096K)
 Metaspace       used 45166K, committed 45376K, reserved 1114112K
  class space    used 5405K, committed 5504K, reserved 1048576K
}
Event: 6.901 GC heap after
{Heap after GC invocations=10 (full 0):
 garbage-first heap   total 153600K, used 20747K [0x0000000704e00000, 0x0000000800000000)
  region size 2048K, 2 young (4096K), 2 survivors (4096K)
 Metaspace       used 45166K, committed 45376K, reserved 1114112K
  class space    used 5405K, committed 5504K, reserved 1048576K
}
Event: 9.457 GC heap before
{Heap before GC invocations=10 (full 0):
 garbage-first heap   total 153600K, used 108811K [0x0000000704e00000, 0x0000000800000000)
  region size 2048K, 45 young (92160K), 2 survivors (4096K)
 Metaspace       used 52866K, committed 53056K, reserved 1114112K
  class space    used 6209K, committed 6272K, reserved 1048576K
}
Event: 9.498 GC heap after
{Heap after GC invocations=11 (full 0):
 garbage-first heap   total 153600K, used 44761K [0x0000000704e00000, 0x0000000800000000)
  region size 2048K, 6 young (12288K), 6 survivors (12288K)
 Metaspace       used 52866K, committed 53056K, reserved 1114112K
  class space    used 6209K, committed 6272K, reserved 1048576K
}
Event: 12.431 GC heap before
{Heap before GC invocations=11 (full 0):
 garbage-first heap   total 153600K, used 95961K [0x0000000704e00000, 0x0000000800000000)
  region size 2048K, 31 young (63488K), 6 survivors (12288K)
 Metaspace       used 56454K, committed 56704K, reserved 1114112K
  class space    used 6579K, committed 6656K, reserved 1048576K
}
Event: 12.482 GC heap after
{Heap after GC invocations=12 (full 0):
 garbage-first heap   total 153600K, used 55296K [0x0000000704e00000, 0x0000000800000000)
  region size 2048K, 4 young (8192K), 4 survivors (8192K)
 Metaspace       used 56454K, committed 56704K, reserved 1114112K
  class space    used 6579K, committed 6656K, reserved 1048576K
}

Dll operation events (3 events):
Event: 0.020 Loaded shared library D:\New folder\Android Studio\jbr\bin\java.dll
Event: 0.036 Loaded shared library D:\New folder\Android Studio\jbr\bin\zip.dll
Event: 3.060 Loaded shared library D:\New folder\Android Studio\jbr\bin\verify.dll

Deoptimization events (20 events):
Event: 12.228 Thread 0x000002451ae1f870 DEOPT PACKING pc=0x000002452763b6b8 sp=0x000000720c1f81a0
Event: 12.228 Thread 0x000002451ae1f870 DEOPT UNPACKING pc=0x0000024526df46a2 sp=0x000000720c1f8110 mode 2
Event: 12.228 Thread 0x000002451ae1f870 Uncommon trap: trap_request=0xffffffde fr.pc=0x000002452763b6b8 relative=0x0000000000001798
Event: 12.228 Thread 0x000002451ae1f870 Uncommon trap: reason=class_check action=maybe_recompile pc=0x000002452763b6b8 method=org.jetbrains.org.objectweb.asm.ClassReader.readElementValue(Lorg/jetbrains/org/objectweb/asm/AnnotationVisitor;ILjava/lang/String;[C)I @ 593 c2
Event: 12.228 Thread 0x000002451ae1f870 DEOPT PACKING pc=0x000002452763b6b8 sp=0x000000720c1f81a0
Event: 12.228 Thread 0x000002451ae1f870 DEOPT UNPACKING pc=0x0000024526df46a2 sp=0x000000720c1f8110 mode 2
Event: 12.228 Thread 0x000002451ae1f870 Uncommon trap: trap_request=0xffffffde fr.pc=0x000002452763b6b8 relative=0x0000000000001798
Event: 12.228 Thread 0x000002451ae1f870 Uncommon trap: reason=class_check action=maybe_recompile pc=0x000002452763b6b8 method=org.jetbrains.org.objectweb.asm.ClassReader.readElementValue(Lorg/jetbrains/org/objectweb/asm/AnnotationVisitor;ILjava/lang/String;[C)I @ 593 c2
Event: 12.228 Thread 0x000002451ae1f870 DEOPT PACKING pc=0x000002452763b6b8 sp=0x000000720c1f81a0
Event: 12.228 Thread 0x000002451ae1f870 DEOPT UNPACKING pc=0x0000024526df46a2 sp=0x000000720c1f8110 mode 2
Event: 12.324 Thread 0x000002451ae1f870 DEOPT PACKING pc=0x000002451fe04180 sp=0x000000720c1f9e90
Event: 12.324 Thread 0x000002451ae1f870 DEOPT UNPACKING pc=0x0000024526df4e42 sp=0x000000720c1f9350 mode 0
Event: 12.426 Thread 0x000002451ae1f870 Uncommon trap: trap_request=0xffffffdc fr.pc=0x0000024527671480 relative=0x00000000000002c0
Event: 12.426 Thread 0x000002451ae1f870 Uncommon trap: reason=class_check action=make_not_entrant pc=0x0000024527671480 method=java.util.ArrayList.toArray([Ljava/lang/Object;)[Ljava/lang/Object; @ 21 c2
Event: 12.426 Thread 0x000002451ae1f870 DEOPT PACKING pc=0x0000024527671480 sp=0x000000720c1f9a60
Event: 12.426 Thread 0x000002451ae1f870 DEOPT UNPACKING pc=0x0000024526df46a2 sp=0x000000720c1f9a20 mode 2
Event: 12.483 Thread 0x000002453729dc80 Uncommon trap: trap_request=0xffffff45 fr.pc=0x00000245273d5300 relative=0x0000000000000160
Event: 12.483 Thread 0x000002453729dc80 Uncommon trap: reason=unstable_if action=reinterpret pc=0x00000245273d5300 method=java.util.concurrent.locks.ReentrantLock$NonfairSync.initialTryLock()Z @ 10 c2
Event: 12.483 Thread 0x000002453729dc80 DEOPT PACKING pc=0x00000245273d5300 sp=0x000000720caff530
Event: 12.483 Thread 0x000002453729dc80 DEOPT UNPACKING pc=0x0000024526df46a2 sp=0x000000720caff4d8 mode 2

Classes loaded (20 events):
Event: 7.638 Loading class java/util/ArrayList$SubList$1
Event: 7.638 Loading class java/util/ArrayList$SubList$1 done
Event: 8.142 Loading class java/util/AbstractList$ListItr
Event: 8.142 Loading class java/util/AbstractList$ListItr done
Event: 8.880 Loading class java/util/AbstractMap$SimpleImmutableEntry
Event: 8.881 Loading class java/util/AbstractMap$SimpleImmutableEntry done
Event: 9.549 Loading class java/util/AbstractList$RandomAccessSubList
Event: 9.549 Loading class java/util/AbstractList$SubList
Event: 9.550 Loading class java/util/AbstractList$SubList done
Event: 9.550 Loading class java/util/AbstractList$RandomAccessSubList done
Event: 9.550 Loading class java/util/AbstractList$SubList$1
Event: 9.550 Loading class java/util/AbstractList$SubList$1 done
Event: 9.568 Loading class java/security/CodeSigner
Event: 9.568 Loading class java/security/CodeSigner done
Event: 10.422 Loading class java/lang/Byte$ByteCache
Event: 10.422 Loading class java/lang/Byte$ByteCache done
Event: 10.657 Loading class java/lang/Short$ShortCache
Event: 10.658 Loading class java/lang/Short$ShortCache done
Event: 12.254 Loading class java/util/RegularEnumSet$EnumSetIterator
Event: 12.254 Loading class java/util/RegularEnumSet$EnumSetIterator done

Classes unloaded (0 events):
No events

Classes redefined (0 events):
No events

Internal exceptions (20 events):
Event: 4.838 Thread 0x000002451ae1f870 Exception <a 'java/lang/NoSuchMethodError'{0x0000000706dcad70}: 'java.lang.Object java.lang.invoke.DirectMethodHandle$Holder.newInvokeSpecial(java.lang.Object, java.lang.Object, java.lang.Object, java.lang.Object, java.lang.Object, java.lang.Object, java.lang.Object)'> (0x0000000706dcad70) 
thrown [s\src\hotspot\share\interpreter\linkResolver.cpp, line 784]
Event: 5.459 Thread 0x000002451ae1f870 Exception <a 'java/lang/NoSuchMethodError'{0x00000007070f4c98}: 'java.lang.Object java.lang.invoke.DirectMethodHandle$Holder.invokeVirtual(java.lang.Object, java.lang.Object, java.lang.Object)'> (0x00000007070f4c98) 
thrown [s\src\hotspot\share\interpreter\linkResolver.cpp, line 784]
Event: 5.528 Thread 0x000002451ae1f870 Exception <a 'java/lang/NoSuchMethodError'{0x0000000706e72ec8}: 'java.lang.Object java.lang.invoke.DirectMethodHandle$Holder.newInvokeSpecial(java.lang.Object, java.lang.Object, int)'> (0x0000000706e72ec8) 
thrown [s\src\hotspot\share\interpreter\linkResolver.cpp, line 784]
Event: 7.002 Thread 0x000002451ae1f870 Exception <a 'java/lang/NoSuchMethodError'{0x0000000712c673f0}: 'java.lang.Object java.lang.invoke.DirectMethodHandle$Holder.newInvokeSpecial(java.lang.Object, java.lang.Object, java.lang.Object, int, java.lang.Object)'> (0x0000000712c673f0) 
thrown [s\src\hotspot\share\interpreter\linkResolver.cpp, line 784]
Event: 7.669 Thread 0x000002451ae1f870 Implicit null exception at 0x00000245274a6d69 to 0x00000245274a7568
Event: 7.670 Thread 0x000002451ae1f870 Implicit null exception at 0x00000245273fa5c0 to 0x00000245273faa44
Event: 7.677 Thread 0x000002451ae1f870 Implicit null exception at 0x00000245273f98bd to 0x00000245273f9941
Event: 9.074 Thread 0x000002451ae1f870 Exception <a 'java/lang/NoSuchMethodError'{0x000000070946bdd0}: 'java.lang.Object java.lang.invoke.DirectMethodHandle$Holder.newInvokeSpecial(java.lang.Object, java.lang.Object, java.lang.Object, int)'> (0x000000070946bdd0) 
thrown [s\src\hotspot\share\interpreter\linkResolver.cpp, line 784]
Event: 9.076 Thread 0x000002451ae1f870 Exception <a 'java/lang/NoSuchMethodError'{0x000000070946ffd0}: 'java.lang.Object java.lang.invoke.DirectMethodHandle$Holder.invokeSpecial(java.lang.Object, java.lang.Object, java.lang.Object, java.lang.Object, int)'> (0x000000070946ffd0) 
thrown [s\src\hotspot\share\interpreter\linkResolver.cpp, line 784]
Event: 9.077 Thread 0x000002451ae1f870 Exception <a 'java/lang/NoSuchMethodError'{0x0000000709473728}: 'java.lang.Object java.lang.invoke.Invokers$Holder.linkToTargetMethod(java.lang.Object, java.lang.Object, int, java.lang.Object)'> (0x0000000709473728) 
thrown [s\src\hotspot\share\interpreter\linkResolver.cpp, line 784]
Event: 9.112 Thread 0x000002451ae1f870 Exception <a 'java/lang/NoSuchMethodError'{0x0000000709513578}: 'java.lang.Object java.lang.invoke.DirectMethodHandle$Holder.newInvokeSpecial(java.lang.Object, int, java.lang.Object)'> (0x0000000709513578) 
thrown [s\src\hotspot\share\interpreter\linkResolver.cpp, line 784]
Event: 9.123 Thread 0x000002451ae1f870 Exception <a 'java/lang/NoSuchMethodError'{0x0000000709537f48}: 'java.lang.Object java.lang.invoke.DirectMethodHandle$Holder.newInvokeSpecial(java.lang.Object, java.lang.Object, java.lang.Object, java.lang.Object, int, java.lang.Object, java.lang.Object)'> (0x0000000709537f48) 
thrown [s\src\hotspot\share\interpreter\linkResolver.cpp, line 784]
Event: 9.125 Thread 0x000002451ae1f870 Exception <a 'java/lang/NoSuchMethodError'{0x0000000709540128}: 'java.lang.Object java.lang.invoke.Invokers$Holder.linkToTargetMethod(java.lang.Object, java.lang.Object, java.lang.Object, int, java.lang.Object, java.lang.Object, java.lang.Object)'> (0x0000000709540128) 
thrown [s\src\hotspot\share\interpreter\linkResolver.cpp, line 784]
Event: 9.382 Thread 0x000002451ae1f870 Exception <a 'java/lang/NoSuchMethodError'{0x00000007091f3998}: 'java.lang.Object java.lang.invoke.DirectMethodHandle$Holder.newInvokeSpecial(java.lang.Object, java.lang.Object, java.lang.Object, java.lang.Object, int)'> (0x00000007091f3998) 
thrown [s\src\hotspot\share\interpreter\linkResolver.cpp, line 784]
Event: 9.382 Thread 0x000002451ae1f870 Exception <a 'java/lang/NoSuchMethodError'{0x00000007091f7de0}: 'java.lang.Object java.lang.invoke.DirectMethodHandle$Holder.invokeSpecial(java.lang.Object, java.lang.Object, java.lang.Object, java.lang.Object, java.lang.Object, int)'> (0x00000007091f7de0) 
thrown [s\src\hotspot\share\interpreter\linkResolver.cpp, line 784]
Event: 9.383 Thread 0x000002451ae1f870 Exception <a 'java/lang/NoSuchMethodError'{0x00000007091fbb20}: 'java.lang.Object java.lang.invoke.Invokers$Holder.linkToTargetMethod(java.lang.Object, java.lang.Object, java.lang.Object, int, java.lang.Object)'> (0x00000007091fbb20) 
thrown [s\src\hotspot\share\interpreter\linkResolver.cpp, line 784]
Event: 9.654 Thread 0x000002451ae1f870 Exception <a 'java/lang/NoSuchMethodError'{0x0000000712d390d0}: 'java.lang.Object java.lang.invoke.DirectMethodHandle$Holder.invokeSpecial(java.lang.Object, java.lang.Object, int, java.lang.Object, java.lang.Object)'> (0x0000000712d390d0) 
thrown [s\src\hotspot\share\interpreter\linkResolver.cpp, line 784]
Event: 9.749 Thread 0x000002451ae1f870 Exception <a 'java/lang/NoSuchMethodError'{0x0000000712aebc78}: 'java.lang.Object java.lang.invoke.DirectMethodHandle$Holder.newInvokeSpecial(java.lang.Object, java.lang.Object, java.lang.Object, java.lang.Object, java.lang.Object, java.lang.Object, java.lang.Object, java.lang.Object, java.lang.Object)'> (0x0000000712aebc78) 
thrown [s\src\hotspot\share\interpreter\linkResolver.cpp, line 784]
Event: 9.918 Thread 0x000002451ae1f870 Exception <a 'java/lang/NoSuchMethodError'{0x000000070db826d0}: 'java.lang.Object java.lang.invoke.DirectMethodHandle$Holder.invokeStatic(java.lang.Object, java.lang.Object, java.lang.Object, int, java.lang.Object, java.lang.Object)'> (0x000000070db826d0) 
thrown [s\src\hotspot\share\interpreter\linkResolver.cpp, line 784]
Event: 10.018 Thread 0x000002451ae1f870 Exception <a 'java/lang/NoSuchMethodError'{0x000000070d884700}: 'java.lang.Object java.lang.invoke.DirectMethodHandle$Holder.invokeStatic(java.lang.Object, int, java.lang.Object, java.lang.Object)'> (0x000000070d884700) 
thrown [s\src\hotspot\share\interpreter\linkResolver.cpp, line 784]

ZGC Phase Switch (0 events):
No events

VM Operations (20 events):
Event: 10.319 Executing VM operation: HandshakeAllThreads (Deoptimize)
Event: 10.319 Executing VM operation: HandshakeAllThreads (Deoptimize) done
Event: 10.561 Executing VM operation: HandshakeAllThreads (Deoptimize)
Event: 10.562 Executing VM operation: HandshakeAllThreads (Deoptimize) done
Event: 10.740 Executing VM operation: HandshakeAllThreads (Deoptimize)
Event: 10.740 Executing VM operation: HandshakeAllThreads (Deoptimize) done
Event: 10.743 Executing VM operation: ICBufferFull
Event: 10.743 Executing VM operation: ICBufferFull done
Event: 10.886 Executing VM operation: HandshakeAllThreads (Deoptimize)
Event: 10.886 Executing VM operation: HandshakeAllThreads (Deoptimize) done
Event: 10.896 Executing VM operation: HandshakeAllThreads (Deoptimize)
Event: 10.896 Executing VM operation: HandshakeAllThreads (Deoptimize) done
Event: 11.348 Executing VM operation: ICBufferFull
Event: 11.349 Executing VM operation: ICBufferFull done
Event: 11.799 Executing VM operation: ICBufferFull
Event: 11.800 Executing VM operation: ICBufferFull done
Event: 12.194 Executing VM operation: ICBufferFull
Event: 12.195 Executing VM operation: ICBufferFull done
Event: 12.431 Executing VM operation: G1CollectForAllocation (G1 Evacuation Pause)
Event: 12.482 Executing VM operation: G1CollectForAllocation (G1 Evacuation Pause) done

Memory protections (0 events):
No events

Nmethod flushes (20 events):
Event: 5.191 Thread 0x000002453721d420 flushing  nmethod 0x000002451f8c6f90
Event: 5.191 Thread 0x000002453721d420 flushing  nmethod 0x000002451f8c7890
Event: 5.191 Thread 0x000002453721d420 flushing  nmethod 0x000002451f8c8690
Event: 5.191 Thread 0x000002453721d420 flushing  nmethod 0x000002451f8c9f90
Event: 5.191 Thread 0x000002453721d420 flushing  nmethod 0x000002451f8dac10
Event: 5.191 Thread 0x000002453721d420 flushing  nmethod 0x000002451f8dc210
Event: 5.191 Thread 0x000002453721d420 flushing  nmethod 0x000002451f8dd010
Event: 5.191 Thread 0x000002453721d420 flushing  nmethod 0x000002451f8de590
Event: 5.191 Thread 0x000002453721d420 flushing  nmethod 0x000002451f8e1a90
Event: 5.191 Thread 0x000002453721d420 flushing  nmethod 0x000002451f8e1e90
Event: 5.191 Thread 0x000002453721d420 flushing  nmethod 0x000002451f8fb710
Event: 5.191 Thread 0x000002453721d420 flushing  nmethod 0x000002451f8fc310
Event: 5.191 Thread 0x000002453721d420 flushing  nmethod 0x000002451f8fc810
Event: 5.191 Thread 0x000002453721d420 flushing  nmethod 0x000002451f906610
Event: 5.191 Thread 0x000002453721d420 flushing  nmethod 0x000002451f908e90
Event: 5.191 Thread 0x000002453721d420 flushing  nmethod 0x000002451f91ae90
Event: 5.191 Thread 0x000002453721d420 flushing  nmethod 0x000002451f91d490
Event: 5.191 Thread 0x000002453721d420 flushing  nmethod 0x000002451f936210
Event: 5.191 Thread 0x000002453721d420 flushing  nmethod 0x000002451f94cc10
Event: 5.191 Thread 0x000002453721d420 flushing  nmethod 0x000002451f979010

Events (20 events):
Event: 0.345 Loaded shared library D:\New folder\Android Studio\jbr\bin\zip.dll
Event: 0.415 Loaded shared library D:\New folder\Android Studio\jbr\bin\jimage.dll
Event: 0.565 Thread 0x00000245374dc100 Thread exited: 0x00000245374dc100
Event: 0.684 Thread 0x00000245374d8300 Thread added: 0x00000245378cc4d0
Event: 0.885 Thread 0x00000245378cc4d0 Thread exited: 0x00000245378cc4d0
Event: 1.130 Thread 0x00000245374d8300 Thread exited: 0x00000245374d8300
Event: 2.720 Thread 0x00000245372ebc20 Thread added: 0x000002453c53a800
Event: 2.783 Thread 0x00000245372ebc20 Thread added: 0x000002453c81b780
Event: 3.276 Thread 0x000002453c81b780 Thread exited: 0x000002453c81b780
Event: 4.576 Thread 0x000002453c53a800 Thread exited: 0x000002453c53a800
Event: 4.646 Thread 0x00000245372ebc20 Thread added: 0x000002453d26dbd0
Event: 4.844 Thread 0x000002453d26dbd0 Thread exited: 0x000002453d26dbd0
Event: 6.047 Thread 0x00000245372ebc20 Thread added: 0x000002453c505130
Event: 6.053 Thread 0x00000245372ebc20 Thread added: 0x000002453c79c240
Event: 7.371 Thread 0x000002453c79c240 Thread exited: 0x000002453c79c240
Event: 8.321 Thread 0x00000245372ebc20 Thread added: 0x000002453dd6ffa0
Event: 9.247 Thread 0x000002453dd6ffa0 Thread exited: 0x000002453dd6ffa0
Event: 10.991 Thread 0x000002453c505130 Thread exited: 0x000002453c505130
Event: 12.345 Thread 0x00000245372ebc20 Thread added: 0x000002453d4282e0
Event: 12.365 Thread 0x00000245372ebc20 Thread added: 0x000002453cc40be0


Dynamic libraries:
0x00007ff63bb50000 - 0x00007ff63bb5a000 	D:\New folder\Android Studio\jbr\bin\java.exe
0x00007ffcf06a0000 - 0x00007ffcf0907000 	C:\Windows\SYSTEM32\ntdll.dll
0x00007ffcef420000 - 0x00007ffcef4e9000 	C:\Windows\System32\KERNEL32.DLL
0x00007ffcedac0000 - 0x00007ffcedeaf000 	C:\Windows\System32\KERNELBASE.dll
0x00007ffcee2f0000 - 0x00007ffcee43b000 	C:\Windows\System32\ucrtbase.dll
0x00007ffccb5a0000 - 0x00007ffccb5b8000 	D:\New folder\Android Studio\jbr\bin\jli.dll
0x00007ffce8120000 - 0x00007ffce813b000 	D:\New folder\Android Studio\jbr\bin\VCRUNTIME140.dll
0x00007ffcef250000 - 0x00007ffcef415000 	C:\Windows\System32\USER32.dll
0x00007ffcd2a80000 - 0x00007ffcd2d13000 	C:\Windows\WinSxS\amd64_microsoft.windows.common-controls_6595b64144ccf1df_6.0.26100.7309_none_3e05feeae336a044\COMCTL32.dll
0x00007ffcee210000 - 0x00007ffcee237000 	C:\Windows\System32\win32u.dll
0x00007ffcee5b0000 - 0x00007ffcee5db000 	C:\Windows\System32\GDI32.dll
0x00007ffcefa70000 - 0x00007ffcefb19000 	C:\Windows\System32\msvcrt.dll
0x00007ffcee0e0000 - 0x00007ffcee20c000 	C:\Windows\System32\gdi32full.dll
0x00007ffcedec0000 - 0x00007ffcedf63000 	C:\Windows\System32\msvcp_win.dll
0x00007ffcef7d0000 - 0x00007ffcef801000 	C:\Windows\System32\IMM32.DLL
0x00007ffce81b0000 - 0x00007ffce81bc000 	D:\New folder\Android Studio\jbr\bin\vcruntime140_1.dll
0x00007ffcb1ab0000 - 0x00007ffcb1b3d000 	D:\New folder\Android Studio\jbr\bin\msvcp140.dll
0x00007ffc8fd70000 - 0x00007ffc90a06000 	D:\New folder\Android Studio\jbr\bin\server\jvm.dll
0x00007ffcefb20000 - 0x00007ffcefbd4000 	C:\Windows\System32\ADVAPI32.dll
0x00007ffcefbe0000 - 0x00007ffcefc86000 	C:\Windows\System32\sechost.dll
0x00007ffcef6b0000 - 0x00007ffcef7c8000 	C:\Windows\System32\RPCRT4.dll
0x00007ffcef1d0000 - 0x00007ffcef244000 	C:\Windows\System32\WS2_32.dll
0x00007ffced650000 - 0x00007ffced6ae000 	C:\Windows\SYSTEM32\POWRPROF.dll
0x00007ffcd2dd0000 - 0x00007ffcd2ddb000 	C:\Windows\SYSTEM32\VERSION.dll
0x00007ffce4be0000 - 0x00007ffce4c15000 	C:\Windows\SYSTEM32\WINMM.dll
0x00007ffced630000 - 0x00007ffced644000 	C:\Windows\SYSTEM32\UMPDC.dll
0x00007ffcec500000 - 0x00007ffcec51b000 	C:\Windows\SYSTEM32\kernel.appcore.dll
0x00007ffce7e30000 - 0x00007ffce7e3a000 	D:\New folder\Android Studio\jbr\bin\jimage.dll
0x00007ffceafe0000 - 0x00007ffceb222000 	C:\Windows\SYSTEM32\DBGHELP.DLL
0x00007ffceed40000 - 0x00007ffcef0c5000 	C:\Windows\System32\combase.dll
0x00007ffcefd00000 - 0x00007ffcefdd6000 	C:\Windows\System32\OLEAUT32.dll
0x00007ffcd1120000 - 0x00007ffcd115c000 	C:\Windows\SYSTEM32\dbgcore.DLL
0x00007ffcee240000 - 0x00007ffcee2e5000 	C:\Windows\System32\bcryptPrimitives.dll
0x00007ffcdeb80000 - 0x00007ffcdeba0000 	D:\New folder\Android Studio\jbr\bin\java.dll
0x00007ffcdc4d0000 - 0x00007ffcdc4e8000 	D:\New folder\Android Studio\jbr\bin\zip.dll
0x00007ffcee5e0000 - 0x00007ffceed33000 	C:\Windows\System32\SHELL32.dll
0x00007ffcedf70000 - 0x00007ffcee0da000 	C:\Windows\System32\wintypes.dll
0x00007ffceb3c0000 - 0x00007ffcebc1e000 	C:\Windows\SYSTEM32\windows.storage.dll
0x00007ffcef0d0000 - 0x00007ffcef1c5000 	C:\Windows\System32\SHCORE.dll
0x00007ffcee540000 - 0x00007ffcee5a6000 	C:\Windows\System32\shlwapi.dll
0x00007ffced710000 - 0x00007ffced739000 	C:\Windows\SYSTEM32\profapi.dll
0x00007ffcdee60000 - 0x00007ffcdee70000 	D:\New folder\Android Studio\jbr\bin\net.dll
0x00007ffce62d0000 - 0x00007ffce63f8000 	C:\Windows\SYSTEM32\WINHTTP.dll
0x00007ffcecb10000 - 0x00007ffcecb7b000 	C:\Windows\system32\mswsock.dll
0x00007ffcd6240000 - 0x00007ffcd6256000 	D:\New folder\Android Studio\jbr\bin\nio.dll
0x00007ffcd5e30000 - 0x00007ffcd5e40000 	D:\New folder\Android Studio\jbr\bin\verify.dll

JVMTI agents: none

dbghelp: loaded successfully - version: 4.0.5 - missing functions: none
symbol engine: initialized successfully - sym options: 0x614 - pdb path: .;D:\New folder\Android Studio\jbr\bin;C:\Windows\SYSTEM32;C:\Windows\WinSxS\amd64_microsoft.windows.common-controls_6595b64144ccf1df_6.0.26100.7309_none_3e05feeae336a044;D:\New folder\Android Studio\jbr\bin\server

VM Arguments:
java_command: org.jetbrains.kotlin.cli.jvm.K2JVMCompiler @D:\Mobile-Devices-project\app\build\20251221_10370541288243694238.compiler.options
java_class_path (initial): C:\Users\MONISHA\.gradle\caches\modules-2\files-2.1\org.jetbrains.kotlin\kotlin-compiler-embeddable\2.0.21\79346ed53db48b18312a472602eb5c057070c54d\kotlin-compiler-embeddable-2.0.21.jar;C:\Users\MONISHA\.gradle\caches\modules-2\files-2.1\org.jetbrains.kotlin\kotlin-stdlib\2.0.21\618b539767b4899b4660a83006e052b63f1db551\kotlin-stdlib-2.0.21.jar;C:\Users\MONISHA\.gradle\caches\modules-2\files-2.1\org.jetbrains.kotlin\kotlin-script-runtime\2.0.21\c9b044380ad41f89aa89aa896c2d32a8c0b2129d\kotlin-script-runtime-2.0.21.jar;C:\Users\MONISHA\.gradle\caches\modules-2\files-2.1\org.jetbrains.kotlin\kotlin-reflect\1.6.10\1cbe9c92c12a94eea200d23c2bbaedaf3daf5132\kotlin-reflect-1.6.10.jar;C:\Users\MONISHA\.gradle\caches\modules-2\files-2.1\org.jetbrains.kotlin\kotlin-daemon-embeddable\2.0.21\c9e933b23287de9b5a17e2116b4657bb91aea72c\kotlin-daemon-embeddable-2.0.21.jar;C:\Users\MONISHA\.gradle\caches\modules-2\files-2.1\org.jetbrains.intellij.deps\trove4j\1.0.20200330\3afb14d5f9ceb459d724e907a21145e8ff394f02\trove4j-1.0.20200330.jar;C:\Users\MONISHA\.gradle\caches\modules-2\files-2.1\org.jetbrains.kotlinx\kotlinx-coroutines-core-jvm\1.6.4\2c997cd1c0ef33f3e751d3831929aeff1390cb30\kotlinx-coroutines-core-jvm-1.6.4.jar;C:\Users\MONISHA\.gradle\caches\modules-2\files-2.1\org.jetbrains\annotations\13.0\919f0dfe192fb4e063e7dacadee7f8bb9a2672a9\annotations-13.0.jar
Launcher Type: SUN_STANDARD

[Global flags]
     intx CICompilerCount                          = 4                                         {product} {ergonomic}
     uint ConcGCThreads                            = 3                                         {product} {ergonomic}
     uint G1ConcRefinementThreads                  = 10                                        {product} {ergonomic}
   size_t G1HeapRegionSize                         = 2097152                                   {product} {ergonomic}
    uintx GCDrainStackTargetSize                   = 64                                        {product} {ergonomic}
   size_t InitialHeapSize                          = 264241152                                 {product} {ergonomic}
   size_t MarkStackSize                            = 4194304                                   {product} {ergonomic}
   size_t MaxHeapSize                              = 4213178368                                {product} {ergonomic}
   size_t MaxNewSize                               = 2527068160                                {product} {ergonomic}
   size_t MinHeapDeltaBytes                        = 2097152                                   {product} {ergonomic}
   size_t MinHeapSize                              = 8388608                                   {product} {ergonomic}
    uintx NonNMethodCodeHeapSize                   = 5839372                                {pd product} {ergonomic}
    uintx NonProfiledCodeHeapSize                  = 122909434                              {pd product} {ergonomic}
    uintx ProfiledCodeHeapSize                     = 122909434                              {pd product} {ergonomic}
    uintx ReservedCodeCacheSize                    = 251658240                              {pd product} {ergonomic}
     bool SegmentedCodeCache                       = true                                      {product} {ergonomic}
   size_t SoftMaxHeapSize                          = 4213178368                             {manageable} {ergonomic}
     bool UseCompressedOops                        = true                           {product lp64_product} {ergonomic}
     bool UseG1GC                                  = true                                      {product} {ergonomic}
     bool UseLargePagesIndividualAllocation        = false                                  {pd product} {ergonomic}

Logging:
Log output configuration:
 #0: stdout all=warning uptime,level,tags foldmultilines=false
 #1: stderr all=off uptime,level,tags foldmultilines=false

Environment Variables:
JAVA_HOME=D:\Java jdk
PATH=C:\Python314\Scripts\;C:\Python314\;C:\Program Files\Common Files\Oracle\Java\javapath;C:\Windows\system32;C:\Windows;C:\Windows\System32\Wbem;C:\Windows\System32\WindowsPowerShell\v1.0\;C:\Windows\System32\OpenSSH\;C:\Program Files\dotnet\;C:\Users\MONISHA\Downloads\gradle-9.1.0-bin\gradle-9.1.0\bin\bin;C:\Program Files\Java\jdk-21\bin;C:\Users\MONISHA\.cargo\bin;C:\Users\MONISHA\Downloads\gradle-9.1.0\bin;C:\Windows\system32\config\systemprofile\.cargo\bin;C:\Users\MONISHA\.cargo\bin;D:\Git\cmd;D:\Node.js\;C:\ProgramData\chocolatey\bin;C:\Users\MONISHA\AppData\Local\Microsoft\WindowsApps;C:\Users\MONISHA\.cargo\bin;C:\Users\MONISHA\AppData\Roaming\npm;C:\Program Files\JetBrains\IntelliJ IDEA 2025.2.4\bin
USERNAME=MONISHA
OS=Windows_NT
PROCESSOR_IDENTIFIER=Intel64 Family 6 Model 186 Stepping 3, GenuineIntel
TMP=C:\Users\MONISHA\AppData\Local\Temp
TEMP=C:\Users\MONISHA\AppData\Local\Temp




Periodic native trim disabled

JNI global refs:
JNI global refs: 11, weak refs: 11

JNI global refs memory usage: 835, weak refs: 833

Process memory usage:
Resident Set Size: 319844K (1% of 16454352K total physical memory with 1447516K free physical memory)

OOME stack traces (most recent first):
Classloader memory used:
Loader jdk.internal.loader.ClassLoaders$AppClassLoader                                 : 45967K
Loader bootstrap                                                                       : 10650K

---------------  S Y S T E M  ---------------

OS:
 Windows 11 , 64 bit Build 26100 (10.0.26100.7309)
OS uptime: 7 days 0:06 hours
Hyper-V role detected

CPU: total 12 (initial active 12) (6 cores per cpu, 2 threads per core) family 6 model 186 stepping 3 microcode 0x4128, cx8, cmov, fxsr, ht, mmx, 3dnowpref, sse, sse2, sse3, ssse3, sse4.1, sse4.2, popcnt, lzcnt, tsc, tscinvbit, avx, avx2, aes, erms, clmul, bmi1, bmi2, adx, sha, fma, vzeroupper, clflush, clflushopt, clwb, hv, serialize, rdtscp, rdpid, fsrm, f16c, cet_ibt, cet_ss
Processor Information for processor 0
  Max Mhz: 1700, Current Mhz: 1700, Mhz Limit: 1700
Processor Information for processor 1
  Max Mhz: 1700, Current Mhz: 1700, Mhz Limit: 1700
Processor Information for processor 2
  Max Mhz: 1700, Current Mhz: 1700, Mhz Limit: 1700
Processor Information for processor 3
  Max Mhz: 1700, Current Mhz: 1700, Mhz Limit: 1700
Processor Information for processor 4
  Max Mhz: 1700, Current Mhz: 1558, Mhz Limit: 1700
Processor Information for processor 5
  Max Mhz: 1700, Current Mhz: 1558, Mhz Limit: 1700
Processor Information for processor 6
  Max Mhz: 1700, Current Mhz: 1558, Mhz Limit: 1700
Processor Information for processor 7
  Max Mhz: 1700, Current Mhz: 1700, Mhz Limit: 1700
Processor Information for processor 8
  Max Mhz: 1700, Current Mhz: 1700, Mhz Limit: 1700
Processor Information for processor 9
  Max Mhz: 1700, Current Mhz: 1558, Mhz Limit: 1700
Processor Information for processor 10
  Max Mhz: 1700, Current Mhz: 1700, Mhz Limit: 1700
Processor Information for processor 11
  Max Mhz: 1700, Current Mhz: 1558, Mhz Limit: 1700

Memory: 4k page, system-wide physical 16068M (1413M free)
TotalPageFile size 20501M (AvailPageFile size 9M)
current process WorkingSet (physical memory assigned to process): 315M, peak: 315M
current process commit charge ("private bytes"): 360M, peak: 371M

vm_info: OpenJDK 64-Bit Server VM (21.0.8+-14018985-b1038.68) for windows-amd64 JRE (21.0.8+-14018985-b1038.68), built on 2025-08-29T19:56:34Z by "builder" with MS VC++ 16.10 / 16.11 (VS2019)

END.
